build/app/outputs/mapping/release/seeds.txt
io.flutter.view.AccessibilityViewEmbedder: android.util.SparseArray flutterIdToOrigin
com.google.firestore.v1.TransactionOptions: int READ_ONLY_FIELD_NUMBER
io.grpc.okhttp.NegotiationType: io.grpc.okhttp.NegotiationType[] values()
io.flutter.embedding.engine.FlutterJNI: void setPlatformViewsController(io.flutter.plugin.platform.PlatformViewsController)
com.baseflow.geolocator.location.LocationAccuracyStatus: com.baseflow.geolocator.location.LocationAccuracyStatus[] values()
com.google.firestore.v1.DocumentRemove: int removedTargetIdsMemoizedSerializedSize
com.google.android.gms.common.annotation.KeepName
com.google.firebase.firestore.core.DocumentViewChange$Type: com.google.firebase.firestore.core.DocumentViewChange$Type[] values()
io.flutter.embedding.engine.FlutterJNI: void handlePlatformMessage(java.lang.String,java.nio.ByteBuffer,int)
com.google.firebase.firestore.remote.WatchChange$WatchTargetChangeType: com.google.firebase.firestore.remote.WatchChange$WatchTargetChangeType valueOf(java.lang.String)
com.google.firestore.v1.DocumentTransform$FieldTransform: com.google.firestore.v1.DocumentTransform$FieldTransform DEFAULT_INSTANCE
io.flutter.embedding.engine.FlutterJNI: void notifyLowMemoryWarning()
com.google.firestore.v1.TransactionOptions$ReadOnly
io.flutter.embedding.engine.FlutterJNI: void nativeSurfaceDestroyed(long)
com.google.firestore.v1.WriteResponse: int STREAM_TOKEN_FIELD_NUMBER
io.grpc.InternalChannelz$ChannelTrace$Event$Severity: io.grpc.InternalChannelz$ChannelTrace$Event$Severity[] values()
io.flutter.view.AccessibilityViewEmbedder: void copyAccessibilityFields(android.view.accessibility.AccessibilityNodeInfo,android.view.accessibility.AccessibilityNodeInfo)
io.flutter.plugin.editing.ImeSyncDeferringInsetsCallback$AnimationCallback: void onPrepare(android.view.WindowInsetsAnimation)
com.google.protobuf.FieldType$Collection: com.google.protobuf.FieldType$Collection[] values()
com.google.firestore.v1.Cursor: com.google.protobuf.Parser PARSER
io.flutter.plugin.editing.ImeSyncDeferringInsetsCallback: android.view.View view
com.google.firebase.firestore.proto.WriteBatch: int BATCH_ID_FIELD_NUMBER
com.google.firebase.firestore.DocumentChange$Type: com.google.firebase.firestore.DocumentChange$Type valueOf(java.lang.String)
com.google.android.gms.common.api.GoogleApiActivity
androidx.lifecycle.ReportFragment$LifecycleCallbacks: void onActivityPreStopped(android.app.Activity)
com.google.firestore.v1.StructuredQuery$FieldReference
com.google.firestore.v1.Target: int RESUME_TOKEN_FIELD_NUMBER
com.google.firestore.v1.Document: int NAME_FIELD_NUMBER
com.google.firebase.firestore.util.Logger$Level: com.google.firebase.firestore.util.Logger$Level[] values()
io.flutter.plugin.editing.ImeSyncDeferringInsetsCallback: boolean needsSave
io.flutter.embedding.engine.FlutterJNI: io.flutter.view.FlutterCallbackInformation nativeLookupCallbackInformation(long)
io.flutter.plugin.platform.SingleViewPresentation: android.content.Context outerContext
io.flutter.plugin.editing.TextInputPlugin$InputTarget$Type: io.flutter.plugin.editing.TextInputPlugin$InputTarget$Type[] values()
androidx.savedstate.SavedStateRegistry$1
com.google.firestore.v1.Value: com.google.protobuf.Parser PARSER
com.baseflow.geolocator.location.LocationAccuracyStatus: com.baseflow.geolocator.location.LocationAccuracyStatus valueOf(java.lang.String)
io.grpc.ConnectivityState: io.grpc.ConnectivityState valueOf(java.lang.String)
com.google.firestore.v1.DocumentChange: com.google.firestore.v1.Document document_
io.flutter.embedding.android.FlutterTextureView
android.support.v4.graphics.drawable.IconCompatParcelizer: void write(androidx.core.graphics.drawable.IconCompat,androidx.versionedparcelable.VersionedParcel)
com.google.firestore.v1.DocumentTransform$FieldTransform: int FIELD_PATH_FIELD_NUMBER
com.google.firestore.v1.DocumentRemove: int READ_TIME_FIELD_NUMBER