build/app/outputs/mapping/release/mapping.txt
# compiler: R8
# compiler_version: 2.1.62
# min_api: 23
# pg_map_id: 1ecd156
# common_typos_disable
...
com.baseflow.geolocator.location.LocationManagerClient$1 -> b.a.a.o.q$a:
    int[] $SwitchMap$com$baseflow$geolocator$location$LocationAccuracy -> a
com.baseflow.geolocator.location.LocationMapper -> b.a.a.o.r:
    java.util.Map toHashMap(android.location.Location) -> a
com.baseflow.geolocator.location.LocationOptions -> b.a.a.o.s:
    long distanceFilter -> b
    com.baseflow.geolocator.location.LocationAccuracy accuracy -> a
    long timeInterval -> c
    com.baseflow.geolocator.location.LocationAccuracy getAccuracy() -> a
    long getDistanceFilter() -> b
    long getTimeInterval() -> c
    com.baseflow.geolocator.location.LocationOptions parseArguments(java.util.Map) -> d
com.baseflow.geolocator.location.LocationServiceListener -> b.a.a.o.t:
    void onLocationServiceResult(boolean) -> a
    void onLocationServiceError(com.baseflow.geolocator.errors.ErrorCodes) -> b
com.baseflow.geolocator.location.LocationServiceStatusReceiver -> b.a.a.o.u:
    io.flutter.plugin.common.EventChannel$EventSink events -> a
    com.baseflow.geolocator.location.ServiceStatus lastKnownServiceStatus -> b
com.baseflow.geolocator.location.PositionChangedCallback -> b.a.a.o.v:
    void onPositionChanged(android.location.Location) -> a
com.baseflow.geolocator.location.ServiceStatus -> b.a.a.o.w:
    com.baseflow.geolocator.location.ServiceStatus[] $VALUES -> d
    com.baseflow.geolocator.location.ServiceStatus disabled -> b
    com.baseflow.geolocator.location.ServiceStatus enabled -> c
com.baseflow.geolocator.permission.LocationPermission -> b.a.a.p.a:
    com.baseflow.geolocator.permission.LocationPermission whileInUse -> d
    com.baseflow.geolocator.permission.LocationPermission deniedForever -> c
    com.baseflow.geolocator.permission.LocationPermission denied -> b
    com.baseflow.geolocator.permission.LocationPermission always -> e
    com.baseflow.geolocator.permission.LocationPermission[] $VALUES -> f
    int toInt() -> f
com.baseflow.geolocator.permission.LocationPermission$1 -> b.a.a.p.a$a:
    int[] $SwitchMap$com$baseflow$geolocator$permission$LocationPermission -> a
com.baseflow.geolocator.permission.PermissionManager -> b.a.a.p.b:
    com.baseflow.geolocator.permission.PermissionResultCallback resultCallback -> c
    com.baseflow.geolocator.errors.ErrorCallback errorCallback -> b
    android.app.Activity activity -> a
    com.baseflow.geolocator.permission.LocationPermission checkPermissionStatus(android.content.Context) -> a
    java.util.List getLocationPermissionsFromManifest(android.content.Context) -> b
    boolean hasBackgroundAccess(java.lang.String[],int[]) -> c
    int indexOf(java.lang.Object[],java.lang.Object) -> d
    void requestPermission(android.app.Activity,com.baseflow.geolocator.permission.PermissionResultCallback,com.baseflow.geolocator.errors.ErrorCallback) -> e
com.baseflow.geolocator.permission.PermissionResultCallback -> b.a.a.p.c:
    void onResult(com.baseflow.geolocator.permission.LocationPermission) -> a
com.baseflow.geolocator.permission.PermissionUtils -> b.a.a.p.d:
    boolean hasPermissionInManifest(android.content.Context,java.lang.String) -> a
com.baseflow.geolocator.utils.Utils -> b.a.a.q.a:
    boolean openAppSettings(android.content.Context) -> a
    boolean openLocationSettings(android.content.Context) -> b