build/app/outputs/mapping/release/usage.txt
okio.Pipe$PipeSource
com.google.api.HttpRule$PatternCase
androidx.fragment.app.BackStackRecord:
    public int getId()
    public int getBreadCrumbTitleRes()
    public int getBreadCrumbShortTitleRes()
    public java.lang.CharSequence getBreadCrumbTitle()
    public java.lang.CharSequence getBreadCrumbShortTitle()
    public androidx.fragment.app.FragmentTransaction hide(androidx.fragment.app.Fragment)
    public androidx.fragment.app.FragmentTransaction show(androidx.fragment.app.Fragment)
    public androidx.fragment.app.FragmentTransaction detach(androidx.fragment.app.Fragment)
    public androidx.fragment.app.FragmentTransaction setPrimaryNavigationFragment(androidx.fragment.app.Fragment)
    public androidx.fragment.app.FragmentTransaction setMaxLifecycle(androidx.fragment.app.Fragment,androidx.lifecycle.Lifecycle$State)
    public void commitNow()
    public void commitNowAllowingStateLoss()
    public boolean isEmpty()
    static final java.lang.String TAG
com.google.common.util.concurrent.AsyncFunction
kotlin.collections.ArraysKt___ArraysKt$withIndex$6
com.google.common.cache.LocalCache$LocalManualCache
com.google.android.gms.common.util.JsonUtils
com.google.common.graph.EndpointPair$Ordered
com.google.type.Fraction$Builder
com.google.gson.internal.JsonReaderInternalAccess:
    public abstract void promoteNameToValue(com.google.gson.stream.JsonReader)
com.google.common.collect.Maps$8
com.google.cloud.audit.AuthorizationInfo$Builder
io.grpc.stub.InternalClientCalls$StubType
com.google.api.Distribution$BucketOptions$Linear
com.google.common.primitives.Ints:
    private void <init>()
    public static int hashCode(int)
    public static int checkedCast(long)
    public static int compare(int,int)
    public static boolean contains(int[],int)
    public static int indexOf(int[],int)
    private static int indexOf(int[],int,int,int)
    public static int indexOf(int[],int[])
    public static int lastIndexOf(int[],int)
    private static int lastIndexOf(int[],int,int,int)
    public static varargs int min(int[])
    public static varargs int max(int[])
    public static int constrainToRange(int,int,int)
    public static varargs int[] concat(int[][])
    public static byte[] toByteArray(int)
    public static int fromByteArray(byte[])
    public static int fromBytes(byte,byte,byte,byte)
    public static com.google.common.base.Converter stringConverter()
    public static int[] ensureCapacity(int[],int,int)
    public static varargs java.lang.String join(java.lang.String,int[])
    public static java.util.Comparator lexicographicalComparator()
    public static void sortDescending(int[])
    public static void sortDescending(int[],int,int)
    public static void reverse(int[])
    public static void reverse(int[],int,int)
    public static int[] toArray(java.util.Collection)
    public static varargs java.util.List asList(int[])
    public static java.lang.Integer tryParse(java.lang.String)
    public static java.lang.Integer tryParse(java.lang.String,int)
com.google.firebase.dynamicloading.ComponentLoader:
    public abstract void discoverComponents()
kotlin.jvm.functions.Function18
com.google.common.cache.ReferenceEntry
com.google.firebase.database.collection.R$layout
com.google.type.Fraction
androidx.versionedparcelable.VersionedParcel$ParcelException
com.google.protobuf.DescriptorProtos$UninterpretedOption$NamePart$Builder
com.google.common.util.concurrent.AbstractScheduledService$CustomScheduler$Schedule
kotlin.contracts.CallsInPlace
io.flutter.plugins.firebase.core.R$layout
com.google.common.cache.LocalCache$WeakAccessWriteEntry
kotlin.ranges.UIntRange$Companion